Searching for Gene Expression Quantification files...
Found 100 files.
Downloading file 1/100: e6cbdcab-7fd1-43a6-be43-68b6a0fb4fe9
  Saved to data/TCGA/e548b6da-7025-48ef-bac6-50dcf66abe71.rna_seq.augmented_star_gene_counts.tsv
Downloading file 2/100: 9415696a-44d9-477f-aba3-0a30ded48778
  Saved to data/TCGA/3c3c4741-8eda-46fe-8d36-2cd683f4a987.rna_seq.augmented_star_gene_counts.tsv
Downloading file 3/100: ec67e25e-9cc6-45a7-a7c0-8dc778ae14c1
  Saved to data/TCGA/a068f661-e689-4e30-9572-3103039981aa.rna_seq.augmented_star_gene_counts.tsv
Downloading file 4/100: 61f32a8d-4649-4ea8-8374-00ab281464bf
  Saved to data/TCGA/0d9db3d9-8f0a-41f8-bf2b-5de447d676b8.rna_seq.augmented_star_gene_counts.tsv
Downloading file 5/100: 09a491b5-1bfb-47d9-963f-69f6c7e6c1e5
  Saved to data/TCGA/bae57be0-48af-438d-88fa-cbaaf16b3d33.rna_seq.augmented_star_gene_counts.tsv
Downloading file 6/100: f8e5691a-e24d-4dba-873e-9ffa3ca12bb6
  Saved to data/TCGA/80de2366-cd3c-4b51-9957-06ac3e152cf0.rna_seq.augmented_star_gene_counts.tsv
Downloading file 7/100: e52108ad-c4ab-4ab4-8636-caaeaae7ea62
  Saved to data/TCGA/b02ec16a-9dff-4b98-9960-73175454082a.rna_seq.augmented_star_gene_counts.tsv
Downloading file 8/100: 4af55932-ab7a-41e5-aa7f-fb16ab18c629
  Saved to data/TCGA/668e1e67-cc4f-40fd-b921-23aec5078635.rna_seq.augmented_star_gene_counts.tsv
Downloading file 9/100: 1d0878a6-5c7c-40b9-8eab-64981d783b71
  Saved to data/TCGA/44df0b54-867f-4aef-8769-5d3fa8887b94.rna_seq.augmented_star_gene_counts.tsv
Downloading file 10/100: b3b9ae66-e8d1-4a32-a2a9-46931b753527
  Saved to data/TCGA/e627254f-65f9-4939-add4-bb77bfd92e16.rna_seq.augmented_star_gene_counts.tsv
Downloading file 11/100: da29bf10-4629-4234-8e49-43a4513fe579
  Saved to data/TCGA/7f2a1bd4-9b71-4e12-ae92-6aaaf247ebca.rna_seq.augmented_star_gene_counts.tsv
Downloading file 12/100: 52151eca-7819-496e-bf31-4875b68d429d
  Saved to data/TCGA/34478743-530d-4d71-a124-90ad54ded5c1.rna_seq.augmented_star_gene_counts.tsv
Downloading file 13/100: 5223fb98-dd63-4c20-a7c0-02e0b13ccb33
  Saved to data/TCGA/7b7c91b5-0358-4d09-af89-26a791d7a23a.rna_seq.augmented_star_gene_counts.tsv
Downloading file 14/100: 4bf6ebc1-575d-49e4-9f66-068b537373c0
  Saved to data/TCGA/767425eb-9fa2-45bc-a3ad-ca8dbafd373f.rna_seq.augmented_star_gene_counts.tsv
Downloading file 15/100: 3e5dce7b-3f1e-4b43-b83e-8c0fc654e9c4
  Saved to data/TCGA/1b392450-2b27-4dce-9205-7de33a64ba42.rna_seq.augmented_star_gene_counts.tsv
Downloading file 16/100: cf801232-8aa2-4ede-80b0-8c5b9876941b
  Saved to data/TCGA/c861f2ac-61fd-45cc-9e14-f775f9eed494.rna_seq.augmented_star_gene_counts.tsv
Downloading file 17/100: a9b5ab37-10c2-4fb6-9c4e-3fcd5ea26526
  Saved to data/TCGA/dbc4f72a-3937-4092-92b8-d52c6b0c3340.rna_seq.augmented_star_gene_counts.tsv
Downloading file 18/100: 41a87746-ec8e-47e3-986c-d1a119e7c96b
  Saved to data/TCGA/628501d9-94e5-440e-b39f-df0e3ea09986.rna_seq.augmented_star_gene_counts.tsv
Downloading file 19/100: cee943a8-ea26-4b2f-b8a4-66300ccacfb5
  Saved to data/TCGA/7eb5f037-355b-4a38-b22b-a5e1f41ff1e9.rna_seq.augmented_star_gene_counts.tsv
Downloading file 20/100: 26caf8b1-0202-4656-9bb9-4a80ffc94118
  Saved to data/TCGA/1516c4ec-98c0-41dc-9ad1-86cc05305fc1.rna_seq.augmented_star_gene_counts.tsv
Downloading file 21/100: d9ea5bde-aa1a-4210-976f-b2f67c6d0191
  Saved to data/TCGA/5b858b45-79a5-4857-b59e-8c56a8b04320.rna_seq.augmented_star_gene_counts.tsv
Downloading file 22/100: 2081a155-9d2d-41f6-b243-68a12e9b342a
  Saved to data/TCGA/62ca3ce8-77f9-4e02-ace4-af79519b53fd.rna_seq.augmented_star_gene_counts.tsv
Downloading file 23/100: 95f4620f-f9b0-4533-bb13-f412d774244a
  Saved to data/TCGA/d8d139e8-6e6f-4771-b624-69518f847b85.rna_seq.augmented_star_gene_counts.tsv
Downloading file 24/100: fd7a6cfc-0ebe-4b79-b93d-d70b9bf533bc
  Saved to data/TCGA/8997a81b-4046-4c31-91f6-7c1519f1d2ec.rna_seq.augmented_star_gene_counts.tsv
Downloading file 25/100: 12f8a326-1417-478e-a45e-abdff8b44266
  Saved to data/TCGA/3ccab1b1-39f2-4947-bbac-1c25750f0464.rna_seq.augmented_star_gene_counts.tsv
Downloading file 26/100: 4ef4f9f1-7883-4fff-91c0-223cac5f1887
  Saved to data/TCGA/dbb3747a-aafe-421c-bb21-84a0b82c6a75.rna_seq.augmented_star_gene_counts.tsv
Downloading file 27/100: ccd1dcec-f3c1-42ca-b3e8-a73a7d2237ff
  Saved to data/TCGA/032e5aa7-8028-48ad-8fe4-6a5cc6aee5cb.rna_seq.augmented_star_gene_counts.tsv
Downloading file 28/100: 5422b305-6411-4a01-b371-dc74c9e351e4
  Saved to data/TCGA/be8e200c-dced-4b24-a70d-6b6baecb7300.rna_seq.augmented_star_gene_counts.tsv
Downloading file 29/100: 072cae2e-f4c1-4a3f-85e1-6f7e35a65108
  Saved to data/TCGA/91941243-48d2-4416-b104-0affb8c46316.rna_seq.augmented_star_gene_counts.tsv
Downloading file 30/100: 26466526-2d6e-4869-a06a-c33344e5fab2
  Saved to data/TCGA/586df577-513d-4d43-ac47-89c52f322d30.rna_seq.augmented_star_gene_counts.tsv
Downloading file 31/100: 8ca36e25-aabc-4bd9-9ced-a8d432ca0260
  Saved to data/TCGA/6e6eeb9a-6437-4e53-9fb7-c283f738d3bd.rna_seq.augmented_star_gene_counts.tsv
Downloading file 32/100: e4732dd4-002a-4b37-9a56-d01d551e9cc3
  Saved to data/TCGA/9c1779d3-6e10-413b-9df9-a9378862d8c4.rna_seq.augmented_star_gene_counts.tsv
Downloading file 33/100: c89590e8-8b74-4c05-a022-e21eab5cffdd
  Saved to data/TCGA/9079bad4-9d01-4eb9-999d-35ad734be2e8.rna_seq.augmented_star_gene_counts.tsv
Downloading file 34/100: 469c052c-d2c8-4626-af1c-7276653168fe
  Saved to data/TCGA/f738acc1-0445-49e0-a279-3469620c8d4a.rna_seq.augmented_star_gene_counts.tsv
Downloading file 35/100: 15e249cf-4c45-4006-84fd-899f9927e376
  Saved to data/TCGA/4796719b-2fa2-40ee-9fa9-6a8caa703823.rna_seq.augmented_star_gene_counts.tsv
Downloading file 36/100: a217c1ab-e2cb-487c-982a-8241da38272f
  Saved to data/TCGA/e4443a5a-144f-434e-b1e0-3139e1e5ed23.rna_seq.augmented_star_gene_counts.tsv
Downloading file 37/100: 86ce8513-c2a6-4b5c-9811-904f0eee21a0
  Saved to data/TCGA/8b7eaa6a-3ea9-4bf4-b814-7b2e7dbb3528.rna_seq.augmented_star_gene_counts.tsv
Downloading file 38/100: 7235fd65-e9cb-45f1-ac78-cad80823325e
  Saved to data/TCGA/b021039d-26c3-4851-9641-ddd81e408339.rna_seq.augmented_star_gene_counts.tsv
Downloading file 39/100: 2b64d9ef-56fc-4362-99c7-d0cc6011c2a4
  Saved to data/TCGA/68bf0c2e-f2ad-48f3-b29d-b2a3c5d1c568.rna_seq.augmented_star_gene_counts.tsv
Downloading file 40/100: 98320692-9c1c-4ed3-9ea1-72f098c03049
  Saved to data/TCGA/7880b3ba-9f39-4744-be72-b87dbd8eb425.rna_seq.augmented_star_gene_counts.tsv
Downloading file 41/100: 3396edba-0d2a-4485-ad0a-5114b38c1abe
  Saved to data/TCGA/2e64abe2-6024-4d28-9e09-560ce2a9fd15.rna_seq.augmented_star_gene_counts.tsv
Downloading file 42/100: eea8e274-7b23-444d-999d-1741d7a928d2
  Saved to data/TCGA/20ef7196-2274-44e1-a105-0761f80c893c.rna_seq.augmented_star_gene_counts.tsv
Downloading file 43/100: 14979d31-e8b1-4948-beea-f913dfefa200
  Saved to data/TCGA/deb14c1d-474c-4d6f-bb8a-2b6df5dce5c9.rna_seq.augmented_star_gene_counts.tsv
Downloading file 44/100: 1b8dddf2-89d9-43aa-84c7-1d18e8865106
  Saved to data/TCGA/02a50d1b-ff62-4936-a0ce-ac0e22a5b41c.rna_seq.augmented_star_gene_counts.tsv
Downloading file 45/100: 9e4b6ad6-99f7-4244-8f1b-20b7b36c457f
  Saved to data/TCGA/51c66f38-afcb-423c-9004-708081b729f6.rna_seq.augmented_star_gene_counts.tsv
Downloading file 46/100: c1f3f326-e99f-4811-9665-d15d6d8a1c33
Traceback (most recent call last):
  File "/home/infres/mbraham-22/CITRUS-Graph_ML/download_tcga.py", line 113, in <module>
    download_and_process_data() 
    ^^^^^^^^^^^^^^^^^^^^^^^^^^^
  File "/home/infres/mbraham-22/CITRUS-Graph_ML/download_tcga.py", line 97, in download_and_process_data
    output_file = get_file_data(file_id, OUTPUT_DIR)
                  ^^^^^^^^^^^^^^^^^^^^^^^^^^^^^^^^^^
  File "/home/infres/mbraham-22/CITRUS-Graph_ML/download_tcga.py", line 21, in get_file_data
    response = requests.get(data_endpt, headers={"Content-Type": "application/json"})
               ^^^^^^^^^^^^^^^^^^^^^^^^^^^^^^^^^^^^^^^^^^^^^^^^^^^^^^^^^^^^^^^^^^^^^^
  File "/home/infres/mbraham-22/miniconda3/lib/python3.12/site-packages/requests/api.py", line 73, in get
    return request("get", url, params=params, **kwargs)
           ^^^^^^^^^^^^^^^^^^^^^^^^^^^^^^^^^^^^^^^^^^^^
  File "/home/infres/mbraham-22/miniconda3/lib/python3.12/site-packages/requests/api.py", line 59, in request
    return session.request(method=method, url=url, **kwargs)
           ^^^^^^^^^^^^^^^^^^^^^^^^^^^^^^^^^^^^^^^^^^^^^^^^^
  File "/home/infres/mbraham-22/miniconda3/lib/python3.12/site-packages/requests/sessions.py", line 589, in request
    resp = self.send(prep, **send_kwargs)
           ^^^^^^^^^^^^^^^^^^^^^^^^^^^^^^
  File "/home/infres/mbraham-22/miniconda3/lib/python3.12/site-packages/requests/sessions.py", line 746, in send
    r.content
  File "/home/infres/mbraham-22/miniconda3/lib/python3.12/site-packages/requests/models.py", line 902, in content
    self._content = b"".join(self.iter_content(CONTENT_CHUNK_SIZE)) or b""
                    ^^^^^^^^^^^^^^^^^^^^^^^^^^^^^^^^^^^^^^^^^^^^^^^
  File "/home/infres/mbraham-22/miniconda3/lib/python3.12/site-packages/requests/models.py", line 820, in generate
    yield from self.raw.stream(chunk_size, decode_content=True)
  File "/home/infres/mbraham-22/miniconda3/lib/python3.12/site-packages/urllib3/response.py", line 1060, in stream
    data = self.read(amt=amt, decode_content=decode_content)
           ^^^^^^^^^^^^^^^^^^^^^^^^^^^^^^^^^^^^^^^^^^^^^^^^^
  File "/home/infres/mbraham-22/miniconda3/lib/python3.12/site-packages/urllib3/response.py", line 949, in read
    data = self._raw_read(amt)
           ^^^^^^^^^^^^^^^^^^^
  File "/home/infres/mbraham-22/miniconda3/lib/python3.12/site-packages/urllib3/response.py", line 873, in _raw_read
    data = self._fp_read(amt, read1=read1) if not fp_closed else b""
           ^^^^^^^^^^^^^^^^^^^^^^^^^^^^^^^
  File "/home/infres/mbraham-22/miniconda3/lib/python3.12/site-packages/urllib3/response.py", line 856, in _fp_read
    return self._fp.read(amt) if amt is not None else self._fp.read()
           ^^^^^^^^^^^^^^^^^^
  File "/home/infres/mbraham-22/miniconda3/lib/python3.12/http/client.py", line 479, in read
    s = self.fp.read(amt)
        ^^^^^^^^^^^^^^^^^
  File "/home/infres/mbraham-22/miniconda3/lib/python3.12/socket.py", line 707, in readinto
    return self._sock.recv_into(b)
           ^^^^^^^^^^^^^^^^^^^^^^^
  File "/home/infres/mbraham-22/miniconda3/lib/python3.12/ssl.py", line 1252, in recv_into
    return self.read(nbytes, buffer)
           ^^^^^^^^^^^^^^^^^^^^^^^^^
  File "/home/infres/mbraham-22/miniconda3/lib/python3.12/ssl.py", line 1104, in read
    return self._sslobj.read(len, buffer)
           ^^^^^^^^^^^^^^^^^^^^^^^^^^^^^^
KeyboardInterrupt

================================================================================
  Downloading TCGA data
================================================================================
Traceback (most recent call last):
  File "/home/infres/mbraham-22/CITRUS-Graph_ML/run_tcga_pipeline.py", line 59, in <module>
    main() 
    ^^^^^^
  File "/home/infres/mbraham-22/CITRUS-Graph_ML/run_tcga_pipeline.py", line 36, in main
    run_command("python download_tcga.py", "Downloading TCGA data")
  File "/home/infres/mbraham-22/CITRUS-Graph_ML/run_tcga_pipeline.py", line 13, in run_command
    result = subprocess.run(command, shell=True)
             ^^^^^^^^^^^^^^^^^^^^^^^^^^^^^^^^^^^
  File "/home/infres/mbraham-22/miniconda3/lib/python3.12/subprocess.py", line 550, in run
    stdout, stderr = process.communicate(input, timeout=timeout)
                     ^^^^^^^^^^^^^^^^^^^^^^^^^^^^^^^^^^^^^^^^^^^
  File "/home/infres/mbraham-22/miniconda3/lib/python3.12/subprocess.py", line 1201, in communicate
    self.wait()
  File "/home/infres/mbraham-22/miniconda3/lib/python3.12/subprocess.py", line 1264, in wait
    return self._wait(timeout=timeout)
           ^^^^^^^^^^^^^^^^^^^^^^^^^^^
  File "/home/infres/mbraham-22/miniconda3/lib/python3.12/subprocess.py", line 2051, in _wait
    (pid, sts) = self._try_wait(0)
                 ^^^^^^^^^^^^^^^^^
  File "/home/infres/mbraham-22/miniconda3/lib/python3.12/subprocess.py", line 2009, in _try_wait
    (pid, sts) = os.waitpid(self.pid, wait_flags)
                 ^^^^^^^^^^^^^^^^^^^^^^^^^^^^^^^^
KeyboardInterrupt
